2013/02/02 17:35:49 [error] [exception.CDbException] exception 'CDbException' with message 'CDbConnection failed to open the DB connection: SQLSTATE[HY000] [1045] Access denied for user 'root'@'localhost' (using password: YES)' in C:\xampp\htdocs\framework\db\CDbConnection.php:382
Stack trace:
#0 C:\xampp\htdocs\framework\db\CDbConnection.php(331): CDbConnection->open()
#1 C:\xampp\htdocs\framework\db\CDbConnection.php(309): CDbConnection->setActive(true)
#2 C:\xampp\htdocs\framework\base\CModule.php(388): CDbConnection->init()
#3 C:\xampp\htdocs\framework\base\CApplication.php(431): CModule->getComponent('db')
#4 C:\xampp\htdocs\framework\db\ar\CActiveRecord.php(624): CApplication->getDb()
#5 C:\xampp\htdocs\framework\db\ar\CActiveRecord.php(2311): CActiveRecord->getDbConnection()
#6 C:\xampp\htdocs\framework\db\ar\CActiveRecord.php(388): CActiveRecordMetaData->__construct(Object(Offer))
#7 C:\xampp\htdocs\framework\db\ar\CActiveRecord.php(403): CActiveRecord::model('Offer')
#8 C:\xampp\htdocs\framework\db\ar\CActiveRecord.php(78): CActiveRecord->getMetaData()
#9 C:\xampp\htdocs\tys\protected\controllers\OfferController.php(112): CActiveRecord->__construct('search')
#10 C:\xampp\htdocs\tys\protected\controllers\OfferController.php(101): OfferController->actionAdmin()
#11 C:\xampp\htdocs\framework\web\actions\CInlineAction.php(50): OfferController->actionIndex()
#12 C:\xampp\htdocs\framework\web\CController.php(309): CInlineAction->runWithParams(Array)
#13 C:\xampp\htdocs\framework\web\filters\CFilterChain.php(134): CController->runAction(Object(CInlineAction))
#14 C:\xampp\htdocs\framework\web\filters\CFilter.php(41): CFilterChain->run()
#15 C:\xampp\htdocs\framework\web\CController.php(1146): CFilter->filter(Object(CFilterChain))
#16 C:\xampp\htdocs\framework\web\filters\CInlineFilter.php(59): CController->filterAccessControl(Object(CFilterChain))
#17 C:\xampp\htdocs\framework\web\filters\CFilterChain.php(131): CInlineFilter->filter(Object(CFilterChain))
#18 C:\xampp\htdocs\framework\web\CController.php(292): CFilterChain->run()
#19 C:\xampp\htdocs\framework\web\CController.php(266): CController->runActionWithFilters(Object(CInlineAction), Array)
#20 C:\xampp\htdocs\framework\web\CWebApplication.php(283): CController->run('index')
#21 C:\xampp\htdocs\framework\web\CWebApplication.php(142): CWebApplication->runController('offer/index')
#22 C:\xampp\htdocs\framework\base\CApplication.php(162): CWebApplication->processRequest()
#23 C:\xampp\htdocs\tys\index.php(18): CApplication->run()
#24 {main}
REQUEST_URI=/tys/index.php/offer/index
HTTP_REFERER=http://localhost:8080/tys/index.php/customer/index
---
2013/02/02 17:36:33 [error] [exception.CException] exception 'CException' with message 'Property "CWebUser.memberid" is not defined.' in C:\xampp\htdocs\framework\base\CComponent.php:131
Stack trace:
#0 C:\xampp\htdocs\framework\web\auth\CWebUser.php(141): CComponent->__get('memberid')
#1 C:\xampp\htdocs\tys\protected\views\offer\_form.php(45): CWebUser->__get('memberid')
#2 C:\xampp\htdocs\framework\web\CBaseController.php(127): require('C:\xampp\htdocs...')
#3 C:\xampp\htdocs\framework\web\CBaseController.php(96): CBaseController->renderInternal('C:\xampp\htdocs...', Array, true)
#4 C:\xampp\htdocs\framework\web\CController.php(870): CBaseController->renderFile('C:\xampp\htdocs...', Array, true)
#5 C:\xampp\htdocs\tys\protected\views\offer\update.php(43): CController->renderPartial('_form', Array)
#6 C:\xampp\htdocs\framework\web\CBaseController.php(127): require('C:\xampp\htdocs...')
#7 C:\xampp\htdocs\framework\web\CBaseController.php(96): CBaseController->renderInternal('C:\xampp\htdocs...', Array, true)
#8 C:\xampp\htdocs\framework\web\CController.php(870): CBaseController->renderFile('C:\xampp\htdocs...', Array, true)
#9 C:\xampp\htdocs\framework\web\CController.php(783): CController->renderPartial('update', Array, true)
#10 C:\xampp\htdocs\tys\protected\controllers\OfferController.php(79): CController->render('update', Array)
#11 [internal function]: OfferController->actionUpdate('1')
#12 C:\xampp\htdocs\framework\web\actions\CAction.php(107): ReflectionMethod->invokeArgs(Object(OfferController), Array)
#13 C:\xampp\htdocs\framework\web\actions\CInlineAction.php(48): CAction->runWithParamsInternal(Object(OfferController), Object(ReflectionMethod), Array)
#14 C:\xampp\htdocs\framework\web\CController.php(309): CInlineAction->runWithParams(Array)
#15 C:\xampp\htdocs\framework\web\filters\CFilterChain.php(134): CController->runAction(Object(CInlineAction))
#16 C:\xampp\htdocs\framework\web\filters\CFilter.php(41): CFilterChain->run()
#17 C:\xampp\htdocs\framework\web\CController.php(1146): CFilter->filter(Object(CFilterChain))
#18 C:\xampp\htdocs\framework\web\filters\CInlineFilter.php(59): CController->filterAccessControl(Object(CFilterChain))
#19 C:\xampp\htdocs\framework\web\filters\CFilterChain.php(131): CInlineFilter->filter(Object(CFilterChain))
#20 C:\xampp\htdocs\framework\web\CController.php(292): CFilterChain->run()
#21 C:\xampp\htdocs\framework\web\CController.php(266): CController->runActionWithFilters(Object(CInlineAction), Array)
#22 C:\xampp\htdocs\framework\web\CWebApplication.php(283): CController->run('update')
#23 C:\xampp\htdocs\framework\web\CWebApplication.php(142): CWebApplication->runController('offer/update')
#24 C:\xampp\htdocs\framework\base\CApplication.php(162): CWebApplication->processRequest()
#25 C:\xampp\htdocs\tys\index.php(18): CApplication->run()
#26 {main}
REQUEST_URI=/tys/index.php/offer/update/1
HTTP_REFERER=http://localhost:8080/tys/index.php/offer/index
---
2013/02/02 17:52:01 [error] [exception.CException] exception 'CException' with message 'Property "CWebUser.memberid" is not defined.' in C:\xampp\htdocs\framework\base\CComponent.php:131
Stack trace:
#0 C:\xampp\htdocs\framework\web\auth\CWebUser.php(141): CComponent->__get('memberid')
#1 C:\xampp\htdocs\tys\protected\views\offer\_form.php(45): CWebUser->__get('memberid')
#2 C:\xampp\htdocs\framework\web\CBaseController.php(127): require('C:\xampp\htdocs...')
#3 C:\xampp\htdocs\framework\web\CBaseController.php(96): CBaseController->renderInternal('C:\xampp\htdocs...', Array, true)
#4 C:\xampp\htdocs\framework\web\CController.php(870): CBaseController->renderFile('C:\xampp\htdocs...', Array, true)
#5 C:\xampp\htdocs\tys\protected\views\offer\create.php(37): CController->renderPartial('_form', Array)
#6 C:\xampp\htdocs\framework\web\CBaseController.php(127): require('C:\xampp\htdocs...')
#7 C:\xampp\htdocs\framework\web\CBaseController.php(96): CBaseController->renderInternal('C:\xampp\htdocs...', Array, true)
#8 C:\xampp\htdocs\framework\web\CController.php(870): CBaseController->renderFile('C:\xampp\htdocs...', Array, true)
#9 C:\xampp\htdocs\framework\web\CController.php(783): CController->renderPartial('create', Array, true)
#10 C:\xampp\htdocs\tys\protected\controllers\OfferController.php(61): CController->render('create', Array)
#11 C:\xampp\htdocs\framework\web\actions\CInlineAction.php(50): OfferController->actionCreate()
#12 C:\xampp\htdocs\framework\web\CController.php(309): CInlineAction->runWithParams(Array)
#13 C:\xampp\htdocs\framework\web\filters\CFilterChain.php(134): CController->runAction(Object(CInlineAction))
#14 C:\xampp\htdocs\framework\web\filters\CFilter.php(41): CFilterChain->run()
#15 C:\xampp\htdocs\framework\web\CController.php(1146): CFilter->filter(Object(CFilterChain))
#16 C:\xampp\htdocs\framework\web\filters\CInlineFilter.php(59): CController->filterAccessControl(Object(CFilterChain))
#17 C:\xampp\htdocs\framework\web\filters\CFilterChain.php(131): CInlineFilter->filter(Object(CFilterChain))
#18 C:\xampp\htdocs\framework\web\CController.php(292): CFilterChain->run()
#19 C:\xampp\htdocs\framework\web\CController.php(266): CController->runActionWithFilters(Object(CInlineAction), Array)
#20 C:\xampp\htdocs\framework\web\CWebApplication.php(283): CController->run('create')
#21 C:\xampp\htdocs\framework\web\CWebApplication.php(142): CWebApplication->runController('offer/create')
#22 C:\xampp\htdocs\framework\base\CApplication.php(162): CWebApplication->processRequest()
#23 C:\xampp\htdocs\tys\index.php(18): CApplication->run()
#24 {main}
REQUEST_URI=/tys/index.php/offer/create
HTTP_REFERER=http://localhost:8080/tys/index.php/offer/index
---
2013/02/02 17:52:04 [error] [exception.CException] exception 'CException' with message 'Property "CWebUser.memberid" is not defined.' in C:\xampp\htdocs\framework\base\CComponent.php:131
Stack trace:
#0 C:\xampp\htdocs\framework\web\auth\CWebUser.php(141): CComponent->__get('memberid')
#1 C:\xampp\htdocs\tys\protected\views\offer\_form.php(45): CWebUser->__get('memberid')
#2 C:\xampp\htdocs\framework\web\CBaseController.php(127): require('C:\xampp\htdocs...')
#3 C:\xampp\htdocs\framework\web\CBaseController.php(96): CBaseController->renderInternal('C:\xampp\htdocs...', Array, true)
#4 C:\xampp\htdocs\framework\web\CController.php(870): CBaseController->renderFile('C:\xampp\htdocs...', Array, true)
#5 C:\xampp\htdocs\tys\protected\views\offer\create.php(37): CController->renderPartial('_form', Array)
#6 C:\xampp\htdocs\framework\web\CBaseController.php(127): require('C:\xampp\htdocs...')
#7 C:\xampp\htdocs\framework\web\CBaseController.php(96): CBaseController->renderInternal('C:\xampp\htdocs...', Array, true)
#8 C:\xampp\htdocs\framework\web\CController.php(870): CBaseController->renderFile('C:\xampp\htdocs...', Array, true)
#9 C:\xampp\htdocs\framework\web\CController.php(783): CController->renderPartial('create', Array, true)
#10 C:\xampp\htdocs\tys\protected\controllers\OfferController.php(61): CController->render('create', Array)
#11 C:\xampp\htdocs\framework\web\actions\CInlineAction.php(50): OfferController->actionCreate()
#12 C:\xampp\htdocs\framework\web\CController.php(309): CInlineAction->runWithParams(Array)
#13 C:\xampp\htdocs\framework\web\filters\CFilterChain.php(134): CController->runAction(Object(CInlineAction))
#14 C:\xampp\htdocs\framework\web\filters\CFilter.php(41): CFilterChain->run()
#15 C:\xampp\htdocs\framework\web\CController.php(1146): CFilter->filter(Object(CFilterChain))
#16 C:\xampp\htdocs\framework\web\filters\CInlineFilter.php(59): CController->filterAccessControl(Object(CFilterChain))
#17 C:\xampp\htdocs\framework\web\filters\CFilterChain.php(131): CInlineFilter->filter(Object(CFilterChain))
#18 C:\xampp\htdocs\framework\web\CController.php(292): CFilterChain->run()
#19 C:\xampp\htdocs\framework\web\CController.php(266): CController->runActionWithFilters(Object(CInlineAction), Array)
#20 C:\xampp\htdocs\framework\web\CWebApplication.php(283): CController->run('create')
#21 C:\xampp\htdocs\framework\web\CWebApplication.php(142): CWebApplication->runController('offer/create')
#22 C:\xampp\htdocs\framework\base\CApplication.php(162): CWebApplication->processRequest()
#23 C:\xampp\htdocs\tys\index.php(18): CApplication->run()
#24 {main}
REQUEST_URI=/tys/index.php/offer/create
HTTP_REFERER=http://localhost:8080/tys/index.php/offer/index
---
2013/02/02 17:52:15 [error] [exception.CException] exception 'CException' with message 'Property "CWebUser.memberid" is not defined.' in C:\xampp\htdocs\framework\base\CComponent.php:131
Stack trace:
#0 C:\xampp\htdocs\framework\web\auth\CWebUser.php(141): CComponent->__get('memberid')
#1 C:\xampp\htdocs\tys\protected\views\offer\_form.php(45): CWebUser->__get('memberid')
#2 C:\xampp\htdocs\framework\web\CBaseController.php(127): require('C:\xampp\htdocs...')
#3 C:\xampp\htdocs\framework\web\CBaseController.php(96): CBaseController->renderInternal('C:\xampp\htdocs...', Array, true)
#4 C:\xampp\htdocs\framework\web\CController.php(870): CBaseController->renderFile('C:\xampp\htdocs...', Array, true)
#5 C:\xampp\htdocs\tys\protected\views\offer\update.php(43): CController->renderPartial('_form', Array)
#6 C:\xampp\htdocs\framework\web\CBaseController.php(127): require('C:\xampp\htdocs...')
#7 C:\xampp\htdocs\framework\web\CBaseController.php(96): CBaseController->renderInternal('C:\xampp\htdocs...', Array, true)
#8 C:\xampp\htdocs\framework\web\CController.php(870): CBaseController->renderFile('C:\xampp\htdocs...', Array, true)
#9 C:\xampp\htdocs\framework\web\CController.php(783): CController->renderPartial('update', Array, true)
#10 C:\xampp\htdocs\tys\protected\controllers\OfferController.php(79): CController->render('update', Array)
#11 [internal function]: OfferController->actionUpdate('3')
#12 C:\xampp\htdocs\framework\web\actions\CAction.php(107): ReflectionMethod->invokeArgs(Object(OfferController), Array)
#13 C:\xampp\htdocs\framework\web\actions\CInlineAction.php(48): CAction->runWithParamsInternal(Object(OfferController), Object(ReflectionMethod), Array)
#14 C:\xampp\htdocs\framework\web\CController.php(309): CInlineAction->runWithParams(Array)
#15 C:\xampp\htdocs\framework\web\filters\CFilterChain.php(134): CController->runAction(Object(CInlineAction))
#16 C:\xampp\htdocs\framework\web\filters\CFilter.php(41): CFilterChain->run()
#17 C:\xampp\htdocs\framework\web\CController.php(1146): CFilter->filter(Object(CFilterChain))
#18 C:\xampp\htdocs\framework\web\filters\CInlineFilter.php(59): CController->filterAccessControl(Object(CFilterChain))
#19 C:\xampp\htdocs\framework\web\filters\CFilterChain.php(131): CInlineFilter->filter(Object(CFilterChain))
#20 C:\xampp\htdocs\framework\web\CController.php(292): CFilterChain->run()
#21 C:\xampp\htdocs\framework\web\CController.php(266): CController->runActionWithFilters(Object(CInlineAction), Array)
#22 C:\xampp\htdocs\framework\web\CWebApplication.php(283): CController->run('update')
#23 C:\xampp\htdocs\framework\web\CWebApplication.php(142): CWebApplication->runController('offer/update')
#24 C:\xampp\htdocs\framework\base\CApplication.php(162): CWebApplication->processRequest()
#25 C:\xampp\htdocs\tys\index.php(18): CApplication->run()
#26 {main}
REQUEST_URI=/tys/index.php/offer/update/3
HTTP_REFERER=http://localhost:8080/tys/index.php/offer/index
---
